[01-Dec-2025 13:58:38 UTC] PHP Warning:  Cannot modify header information - headers already sent by (output started at /var/www/html/includes/header.php:36) in /var/www/html/signin.php on line 24
[01-Dec-2025 13:58:43 UTC] PHP Warning:  Cannot modify header information - headers already sent by (output started at /var/www/html/includes/header.php:36) in /var/www/html/signin.php on line 24
[01-Dec-2025 13:59:07 UTC] PHP Warning:  Undefined variable $msg in /var/www/html/contact.php on line 45
[01-Dec-2025 15:18:54 UTC] PHP Warning:  Undefined variable $msg in /var/www/html/contact.php on line 45
[01-Dec-2025 15:19:44 UTC] PHP Warning:  Undefined variable $msg in /var/www/html/contact.php on line 45
[01-Dec-2025 15:21:48 UTC] PHP Warning:  Undefined variable $msg in /var/www/html/contact.php on line 26
[01-Dec-2025 15:21:52 UTC] PHP Warning:  Undefined variable $msg in /var/www/html/contact.php on line 26
[02-Dec-2025 07:54:29 UTC] PHP Warning:  Undefined variable $msg in /var/www/html/contact.php on line 26
[02-Dec-2025 07:54:29 UTC] PHP Warning:  Undefined variable $msg in /var/www/html/contact.php on line 26
[02-Dec-2025 07:54:30 UTC] PHP Warning:  Undefined variable $msg in /var/www/html/contact.php on line 26
[02-Dec-2025 07:54:30 UTC] PHP Warning:  Undefined variable $msg in /var/www/html/contact.php on line 26
[02-Dec-2025 07:54:30 UTC] PHP Warning:  Undefined variable $msg in /var/www/html/contact.php on line 26
[02-Dec-2025 07:54:30 UTC] PHP Warning:  Undefined variable $msg in /var/www/html/contact.php on line 26
[02-Dec-2025 08:01:02 UTC] PHP Warning:  Undefined variable $msg in /var/www/html/contact.php on line 26
[02-Dec-2025 08:01:04 UTC] PHP Warning:  Undefined variable $msg in /var/www/html/contact.php on line 26
[02-Dec-2025 08:04:53 UTC] PHP Warning:  Undefined variable $msg in /var/www/html/contact.php on line 26
[02-Dec-2025 08:04:56 UTC] PHP Warning:  Undefined variable $msg in /var/www/html/contact.php on line 26
[02-Dec-2025 08:04:58 UTC] PHP Warning:  Undefined variable $msg in /var/www/html/contact.php on line 26
[02-Dec-2025 08:04:58 UTC] PHP Warning:  Undefined variable $msg in /var/www/html/contact.php on line 26
[02-Dec-2025 09:55:09 UTC] PHP Warning:  Undefined variable $msg in /var/www/html/contact.php on line 26
[02-Dec-2025 20:45:05 UTC] PHP Warning:  Undefined variable $msg in /var/www/html/contact.php on line 26
[03-Dec-2025 00:14:57 UTC] PHP Warning:  Undefined variable $msg in /var/www/html/contact.php on line 26
[03-Dec-2025 09:32:54 UTC] PHP Warning:  Undefined variable $msg in /var/www/html/contact.php on line 26
[03-Dec-2025 18:46:39 UTC] PHP Warning:  Undefined variable $msg in /var/www/html/contact.php on line 26
[04-Dec-2025 00:57:50 UTC] PHP Warning:  Undefined variable $msg in /var/www/html/contact.php on line 26
[04-Dec-2025 06:30:43 UTC] PHP Warning:  Undefined variable $msg in /var/www/html/contact.php on line 26
[04-Dec-2025 06:30:46 UTC] PHP Warning:  Undefined variable $msg in /var/www/html/contact.php on line 26
[04-Dec-2025 06:30:47 UTC] PHP Warning:  Undefined variable $msg in /var/www/html/contact.php on line 26
[04-Dec-2025 09:51:23 UTC] PHP Warning:  Undefined variable $msg in /var/www/html/contact.php on line 26
[04-Dec-2025 09:51:26 UTC] PHP Warning:  Undefined variable $msg in /var/www/html/contact.php on line 26
[04-Dec-2025 11:04:58 UTC] PHP Warning:  Undefined variable $msg in /var/www/html/contact.php on line 26
[04-Dec-2025 17:30:29 UTC] PHP Warning:  Undefined variable $msg in /var/www/html/contact.php on line 26
[04-Dec-2025 17:30:29 UTC] PHP Warning:  Undefined variable $msg in /var/www/html/contact.php on line 26
[05-Dec-2025 10:29:28 UTC] PHP Warning:  Undefined variable $msg in /var/www/html/contact.php on line 26
[05-Dec-2025 10:29:31 UTC] PHP Warning:  Undefined variable $msg in /var/www/html/contact.php on line 26
[05-Dec-2025 14:28:06 UTC] PHP Warning:  Undefined variable $msg in /var/www/html/contact.php on line 26
[05-Dec-2025 15:26:54 UTC] PHP Warning:  Undefined variable $msg in /var/www/html/contact.php on line 26
[05-Dec-2025 15:29:47 UTC] PHP Warning:  Undefined variable $msg in /var/www/html/contact.php on line 26
[05-Dec-2025 15:29:55 UTC] PHP Warning:  Undefined variable $msg in /var/www/html/contact.php on line 26
[05-Dec-2025 16:19:20 UTC] PHP Warning:  Undefined variable $msg in /var/www/html/contact.php on line 26
[05-Dec-2025 16:19:20 UTC] PHP Warning:  Undefined variable $msg in /var/www/html/contact.php on line 26
[06-Dec-2025 12:24:44 UTC] PHP Warning:  Undefined variable $msg in /var/www/html/contact.php on line 26
[06-Dec-2025 15:17:47 UTC] PHP Warning:  Undefined variable $msg in /var/www/html/contact.php on line 26
[06-Dec-2025 16:20:51 UTC] PHP Warning:  Undefined variable $msg in /var/www/html/contact.php on line 26
[06-Dec-2025 16:32:04 UTC] PHP Warning:  Undefined variable $msg in /var/www/html/contact.php on line 26
[06-Dec-2025 16:32:35 UTC] PHP Warning:  Undefined variable $msg in /var/www/html/contact.php on line 26
[06-Dec-2025 20:25:46 UTC] PHP Warning:  Undefined variable $msg in /var/www/html/contact.php on line 26
[06-Dec-2025 20:49:21 UTC] PHP Warning:  Undefined variable $msg in /var/www/html/contact.php on line 26
[06-Dec-2025 21:22:55 UTC] PHP Warning:  Undefined variable $msg in /var/www/html/contact.php on line 26
[07-Dec-2025 04:21:22 UTC] PHP Warning:  Undefined variable $msg in /var/www/html/contact.php on line 26
[07-Dec-2025 21:36:49 UTC] PHP Warning:  Undefined variable $msg in /var/www/html/contact.php on line 26
[07-Dec-2025 23:21:00 UTC] PHP Warning:  Undefined variable $msg in /var/www/html/contact.php on line 26
[08-Dec-2025 00:21:26 UTC] PHP Warning:  Undefined variable $msg in /var/www/html/contact.php on line 26
[08-Dec-2025 00:24:57 UTC] PHP Warning:  Undefined variable $msg in /var/www/html/contact.php on line 26
[08-Dec-2025 00:25:00 UTC] PHP Warning:  Undefined variable $msg in /var/www/html/contact.php on line 26
[08-Dec-2025 01:42:58 UTC] PHP Warning:  Undefined variable $msg in /var/www/html/contact.php on line 26
[08-Dec-2025 13:38:29 UTC] PHP Warning:  Undefined variable $msg in /var/www/html/contact.php on line 26
[08-Dec-2025 13:38:30 UTC] PHP Warning:  Undefined variable $msg in /var/www/html/contact.php on line 26
[08-Dec-2025 17:33:21 UTC] PHP Warning:  Undefined variable $msg in /var/www/html/contact.php on line 26
[08-Dec-2025 23:37:59 UTC] PHP Warning:  Undefined variable $msg in /var/www/html/contact.php on line 26
[09-Dec-2025 13:44:49 UTC] PHP Warning:  Undefined variable $msg in /var/www/html/contact.php on line 26
[09-Dec-2025 15:26:30 UTC] PHP Warning:  Undefined variable $msg in /var/www/html/contact.php on line 26
[09-Dec-2025 15:26:31 UTC] PHP Warning:  Undefined variable $msg in /var/www/html/contact.php on line 26
[10-Dec-2025 17:19:46 UTC] PHP Warning:  Undefined variable $msg in /var/www/html/contact.php on line 26
[10-Dec-2025 19:38:41 UTC] PHP Warning:  Undefined variable $msg in /var/www/html/contact.php on line 26
[10-Dec-2025 19:38:41 UTC] PHP Warning:  Undefined variable $msg in /var/www/html/contact.php on line 26
[11-Dec-2025 04:47:11 UTC] PHP Warning:  Undefined variable $msg in /var/www/html/contact.php on line 26
[11-Dec-2025 15:21:38 UTC] PHP Warning:  Undefined variable $msg in /var/www/html/contact.php on line 26
[11-Dec-2025 15:21:38 UTC] PHP Warning:  Undefined variable $msg in /var/www/html/contact.php on line 26
[11-Dec-2025 16:54:06 UTC] PHP Warning:  Undefined variable $msg in /var/www/html/contact.php on line 26
[11-Dec-2025 16:54:10 UTC] PHP Warning:  Undefined variable $msg in /var/www/html/contact.php on line 26
[11-Dec-2025 17:14:37 UTC] PHP Warning:  Undefined variable $msg in /var/www/html/contact.php on line 26
[11-Dec-2025 20:23:42 UTC] PHP Warning:  Undefined variable $msg in /var/www/html/contact.php on line 26
[12-Dec-2025 12:32:33 UTC] PHP Warning:  Undefined variable $msg in /var/www/html/contact.php on line 26
[12-Dec-2025 15:30:47 UTC] PHP Warning:  Undefined variable $msg in /var/www/html/contact.php on line 26
[12-Dec-2025 15:30:48 UTC] PHP Warning:  Undefined variable $msg in /var/www/html/contact.php on line 26
[12-Dec-2025 15:30:48 UTC] PHP Warning:  Undefined variable $msg in /var/www/html/contact.php on line 26
[13-Dec-2025 04:39:32 UTC] PHP Warning:  Undefined variable $msg in /var/www/html/contact.php on line 26
[13-Dec-2025 05:03:22 UTC] PHP Warning:  Undefined variable $msg in /var/www/html/contact.php on line 26
[13-Dec-2025 06:56:05 UTC] PHP Warning:  Undefined variable $msg in /var/www/html/contact.php on line 26
[13-Dec-2025 10:09:09 UTC] PHP Warning:  Undefined variable $msg in /var/www/html/contact.php on line 26
[13-Dec-2025 10:30:30 UTC] PHP Warning:  Undefined variable $msg in /var/www/html/contact.php on line 26
[14-Dec-2025 03:13:12 UTC] PHP Warning:  Undefined variable $msg in /var/www/html/contact.php on line 26
[14-Dec-2025 04:32:44 UTC] PHP Warning:  Undefined variable $msg in /var/www/html/contact.php on line 26
[15-Dec-2025 11:05:53 UTC] PHP Warning:  Undefined variable $msg in /var/www/html/contact.php on line 26
[15-Dec-2025 13:04:26 UTC] PHP Warning:  Undefined variable $msg in /var/www/html/contact.php on line 26
[15-Dec-2025 16:50:51 UTC] PHP Warning:  Undefined variable $msg in /var/www/html/contact.php on line 26
[15-Dec-2025 16:50:52 UTC] PHP Warning:  Undefined variable $msg in /var/www/html/contact.php on line 26
[15-Dec-2025 18:45:39 UTC] PHP Warning:  Undefined variable $msg in /var/www/html/contact.php on line 26
[15-Dec-2025 18:53:52 UTC] PHP Warning:  Cannot modify header information - headers already sent by (output started at /var/www/html/includes/header.php:36) in /var/www/html/signin.php on line 24
[15-Dec-2025 19:06:49 UTC] PHP Warning:  Undefined variable $msg in /var/www/html/contact.php on line 45
[15-Dec-2025 19:18:47 UTC] PHP Warning:  Undefined variable $msg in /var/www/html/contact.php on line 45
[16-Dec-2025 10:56:19 UTC] PHP Warning:  Undefined variable $msg in /var/www/html/contact.php on line 45
[16-Dec-2025 14:45:58 UTC] PHP Warning:  Undefined variable $msg in /var/www/html/contact.php on line 45
[16-Dec-2025 17:49:27 UTC] PHP Warning:  Undefined variable $msg in /var/www/html/contact.php on line 45
[16-Dec-2025 18:27:11 UTC] PHP Warning:  Undefined variable $msg in /var/www/html/contact.php on line 45
[16-Dec-2025 18:27:12 UTC] PHP Warning:  Undefined variable $msg in /var/www/html/contact.php on line 45
[18-Dec-2025 02:11:44 UTC] PHP Warning:  Undefined variable $msg in /var/www/html/contact.php on line 45
[18-Dec-2025 04:54:47 UTC] PHP Warning:  Undefined variable $msg in /var/www/html/contact.php on line 45
[19-Dec-2025 02:11:53 UTC] PHP Warning:  Undefined variable $msg in /var/www/html/contact.php on line 45
[19-Dec-2025 10:25:43 UTC] PHP Warning:  Undefined variable $msg in /var/www/html/contact.php on line 45
[19-Dec-2025 11:00:42 UTC] PHP Warning:  Undefined variable $msg in /var/www/html/contact.php on line 45
[19-Dec-2025 16:25:51 UTC] PHP Warning:  Undefined variable $msg in /var/www/html/contact.php on line 45
[19-Dec-2025 16:42:43 UTC] PHP Warning:  Undefined variable $msg in /var/www/html/contact.php on line 45
[19-Dec-2025 19:12:32 UTC] PHP Warning:  Undefined variable $msg in /var/www/html/contact.php on line 45
[19-Dec-2025 19:12:32 UTC] PHP Warning:  Undefined variable $msg in /var/www/html/contact.php on line 45
[20-Dec-2025 09:18:09 UTC] PHP Warning:  Undefined variable $msg in /var/www/html/contact.php on line 45
[21-Dec-2025 00:41:11 UTC] PHP Warning:  Undefined variable $msg in /var/www/html/contact.php on line 45
[21-Dec-2025 00:41:12 UTC] PHP Warning:  Undefined variable $msg in /var/www/html/contact.php on line 45
[21-Dec-2025 02:18:27 UTC] PHP Warning:  Undefined variable $msg in /var/www/html/contact.php on line 45
[21-Dec-2025 02:40:56 UTC] PHP Warning:  Undefined variable $msg in /var/www/html/contact.php on line 45
[21-Dec-2025 03:39:32 UTC] PHP Warning:  Undefined variable $msg in /var/www/html/contact.php on line 45
[21-Dec-2025 04:38:55 UTC] PHP Warning:  Undefined variable $msg in /var/www/html/contact.php on line 45
[21-Dec-2025 09:20:38 UTC] PHP Warning:  Undefined variable $msg in /var/www/html/contact.php on line 45
[21-Dec-2025 12:49:34 UTC] PHP Warning:  Undefined variable $msg in /var/www/html/contact.php on line 45
[21-Dec-2025 14:14:17 UTC] PHP Warning:  Undefined variable $msg in /var/www/html/contact.php on line 45
[22-Dec-2025 09:36:01 UTC] PHP Warning:  Cannot modify header information - headers already sent by (output started at /var/www/html/includes/header.php:36) in /var/www/html/profile.php on line 6
[22-Dec-2025 22:37:02 UTC] PHP Warning:  Undefined variable $msg in /var/www/html/contact.php on line 45
[22-Dec-2025 22:37:02 UTC] PHP Warning:  Undefined variable $msg in /var/www/html/contact.php on line 45
[23-Dec-2025 02:24:22 UTC] PHP Warning:  Undefined variable $msg in /var/www/html/contact.php on line 45
[23-Dec-2025 02:24:25 UTC] PHP Warning:  Undefined variable $msg in /var/www/html/contact.php on line 45
[24-Dec-2025 06:47:01 UTC] PHP Warning:  Undefined variable $msg in /var/www/html/contact.php on line 45
[24-Dec-2025 06:47:02 UTC] PHP Warning:  Undefined variable $msg in /var/www/html/contact.php on line 45
[25-Dec-2025 13:05:41 UTC] PHP Warning:  Undefined variable $msg in /var/www/html/contact.php on line 45
[25-Dec-2025 13:30:12 UTC] PHP Warning:  Undefined variable $msg in /var/www/html/contact.php on line 45
[25-Dec-2025 15:23:46 UTC] PHP Warning:  Undefined variable $msg in /var/www/html/contact.php on line 45
[25-Dec-2025 15:23:46 UTC] PHP Warning:  Undefined variable $msg in /var/www/html/contact.php on line 45
[25-Dec-2025 18:43:43 UTC] PHP Warning:  Undefined variable $msg in /var/www/html/contact.php on line 45
[25-Dec-2025 19:01:33 UTC] PHP Warning:  Undefined variable $msg in /var/www/html/contact.php on line 45
[26-Dec-2025 03:12:44 UTC] PHP Warning:  Undefined variable $msg in /var/www/html/contact.php on line 45
[26-Dec-2025 06:40:58 UTC] PHP Warning:  Undefined variable $msg in /var/www/html/contact.php on line 45
[26-Dec-2025 08:08:37 UTC] PHP Warning:  Undefined variable $msg in /var/www/html/contact.php on line 45
[26-Dec-2025 08:08:46 UTC] PHP Warning:  Undefined variable $msg in /var/www/html/contact.php on line 45
[26-Dec-2025 08:08:46 UTC] PHP Warning:  Undefined variable $msg in /var/www/html/contact.php on line 45
[26-Dec-2025 08:08:58 UTC] PHP Warning:  Undefined variable $msg in /var/www/html/contact.php on line 45
[26-Dec-2025 08:09:15 UTC] PHP Warning:  Undefined variable $msg in /var/www/html/contact.php on line 45
[26-Dec-2025 08:09:19 UTC] PHP Warning:  Undefined variable $msg in /var/www/html/contact.php on line 45
[26-Dec-2025 08:09:27 UTC] PHP Warning:  Undefined variable $msg in /var/www/html/contact.php on line 45
[26-Dec-2025 08:09:37 UTC] PHP Warning:  Undefined variable $msg in /var/www/html/contact.php on line 45
[26-Dec-2025 08:09:37 UTC] PHP Warning:  Undefined variable $msg in /var/www/html/contact.php on line 45
[26-Dec-2025 09:29:05 UTC] PHP Warning:  Undefined variable $msg in /var/www/html/contact.php on line 45
[26-Dec-2025 09:52:52 UTC] PHP Warning:  Undefined variable $msg in /var/www/html/contact.php on line 45
[26-Dec-2025 09:52:52 UTC] PHP Warning:  Undefined variable $msg in /var/www/html/contact.php on line 45
[27-Dec-2025 19:51:30 UTC] PHP Warning:  Cannot modify header information - headers already sent by (output started at /var/www/html/includes/header.php:36) in /var/www/html/profile.php on line 6
[27-Dec-2025 22:17:39 UTC] PHP Warning:  Undefined variable $msg in /var/www/html/contact.php on line 45
[28-Dec-2025 04:26:45 UTC] PHP Warning:  Cannot modify header information - headers already sent by (output started at /var/www/html/includes/header.php:36) in /var/www/html/profile.php on line 6
[28-Dec-2025 13:24:04 UTC] PHP Warning:  Cannot modify header information - headers already sent by (output started at /var/www/html/includes/header.php:36) in /var/www/html/profile.php on line 6
[28-Dec-2025 19:34:43 UTC] PHP Warning:  Cannot modify header information - headers already sent by (output started at /var/www/html/includes/header.php:36) in /var/www/html/profile.php on line 6
[29-Dec-2025 05:41:10 UTC] PHP Warning:  Cannot modify header information - headers already sent by (output started at /var/www/html/includes/header.php:36) in /var/www/html/profile.php on line 6
[29-Dec-2025 09:06:45 UTC] PHP Warning:  Cannot modify header information - headers already sent by (output started at /var/www/html/includes/header.php:36) in /var/www/html/profile.php on line 6
[29-Dec-2025 12:32:01 UTC] PHP Warning:  Cannot modify header information - headers already sent by (output started at /var/www/html/includes/header.php:36) in /var/www/html/profile.php on line 6
[30-Dec-2025 05:22:18 UTC] PHP Warning:  Undefined variable $msg in /var/www/html/contact.php on line 45
[30-Dec-2025 05:22:18 UTC] PHP Warning:  Undefined variable $msg in /var/www/html/contact.php on line 45
[30-Dec-2025 09:18:09 UTC] PHP Warning:  Undefined variable $msg in /var/www/html/contact.php on line 45
[30-Dec-2025 09:18:10 UTC] PHP Warning:  Undefined variable $msg in /var/www/html/contact.php on line 45
[30-Dec-2025 20:35:29 UTC] PHP Warning:  Undefined variable $msg in /var/www/html/contact.php on line 45
[31-Dec-2025 00:13:57 UTC] PHP Warning:  Undefined variable $msg in /var/www/html/contact.php on line 45
[31-Dec-2025 04:32:59 UTC] PHP Warning:  Undefined variable $msg in /var/www/html/contact.php on line 45
[31-Dec-2025 06:43:45 UTC] PHP Warning:  Undefined variable $msg in /var/www/html/contact.php on line 45
[31-Dec-2025 11:51:28 UTC] PHP Warning:  Undefined variable $msg in /var/www/html/contact.php on line 45
[31-Dec-2025 12:09:38 UTC] PHP Warning:  Undefined variable $msg in /var/www/html/contact.php on line 45
[31-Dec-2025 16:54:14 UTC] PHP Warning:  Undefined variable $msg in /var/www/html/contact.php on line 45
[31-Dec-2025 17:08:25 UTC] PHP Warning:  Undefined variable $msg in /var/www/html/contact.php on line 45
[01-Jan-2026 00:20:00 UTC] PHP Warning:  Undefined variable $msg in /var/www/html/contact.php on line 45
[01-Jan-2026 08:42:51 UTC] PHP Warning:  Undefined variable $msg in /var/www/html/contact.php on line 45
[02-Jan-2026 22:47:45 UTC] PHP Warning:  Undefined variable $msg in /var/www/html/contact.php on line 45
[03-Jan-2026 18:36:05 UTC] PHP Warning:  Undefined variable $msg in /var/www/html/contact.php on line 45
[03-Jan-2026 18:36:05 UTC] PHP Warning:  Undefined variable $msg in /var/www/html/contact.php on line 45
[03-Jan-2026 18:36:05 UTC] PHP Warning:  Undefined variable $msg in /var/www/html/contact.php on line 45
[03-Jan-2026 22:04:04 UTC] PHP Warning:  Undefined variable $msg in /var/www/html/contact.php on line 45
[03-Jan-2026 23:03:42 UTC] PHP Warning:  Undefined variable $msg in /var/www/html/contact.php on line 45
[04-Jan-2026 09:12:22 UTC] PHP Warning:  Undefined variable $msg in /var/www/html/contact.php on line 45
[04-Jan-2026 09:12:25 UTC] PHP Warning:  Undefined variable $msg in /var/www/html/contact.php on line 45
[04-Jan-2026 09:12:26 UTC] PHP Warning:  Undefined variable $msg in /var/www/html/contact.php on line 45
[04-Jan-2026 13:02:41 UTC] PHP Warning:  Undefined variable $msg in /var/www/html/contact.php on line 45
[04-Jan-2026 16:49:33 UTC] PHP Warning:  Undefined variable $msg in /var/www/html/contact.php on line 45
[05-Jan-2026 11:47:26 UTC] PHP Warning:  Cannot modify header information - headers already sent by (output started at /var/www/html/includes/header.php:36) in /var/www/html/profile.php on line 6
[05-Jan-2026 18:32:23 UTC] PHP Warning:  Cannot modify header information - headers already sent by (output started at /var/www/html/includes/header.php:36) in /var/www/html/profile.php on line 6
[06-Jan-2026 00:10:17 UTC] PHP Warning:  Cannot modify header information - headers already sent by (output started at /var/www/html/includes/header.php:36) in /var/www/html/profile.php on line 6
[06-Jan-2026 08:07:07 UTC] PHP Warning:  Undefined variable $msg in /var/www/html/contact.php on line 45
[06-Jan-2026 08:56:21 UTC] PHP Warning:  Undefined variable $msg in /var/www/html/contact.php on line 45
[06-Jan-2026 15:20:53 UTC] PHP Warning:  Undefined variable $msg in /var/www/html/contact.php on line 45
[06-Jan-2026 15:39:41 UTC] PHP Warning:  Undefined variable $msg in /var/www/html/contact.php on line 45
[06-Jan-2026 19:55:00 UTC] PHP Warning:  Undefined variable $msg in /var/www/html/contact.php on line 45
[07-Jan-2026 03:23:16 UTC] PHP Warning:  Undefined variable $msg in /var/www/html/contact.php on line 45
[07-Jan-2026 03:23:16 UTC] PHP Warning:  Undefined variable $msg in /var/www/html/contact.php on line 45
[07-Jan-2026 14:29:57 UTC] PHP Warning:  Undefined variable $msg in /var/www/html/contact.php on line 45
[07-Jan-2026 14:29:57 UTC] PHP Warning:  Undefined variable $msg in /var/www/html/contact.php on line 45
[07-Jan-2026 16:24:56 UTC] PHP Warning:  Undefined variable $msg in /var/www/html/contact.php on line 45
[07-Jan-2026 16:25:34 UTC] PHP Warning:  Undefined variable $msg in /var/www/html/contact.php on line 45
[07-Jan-2026 16:25:36 UTC] PHP Warning:  Undefined variable $msg in /var/www/html/contact.php on line 45
[08-Jan-2026 06:19:04 UTC] PHP Warning:  Undefined variable $msg in /var/www/html/contact.php on line 45
[09-Jan-2026 05:02:03 UTC] PHP Warning:  Undefined variable $msg in /var/www/html/contact.php on line 45
[09-Jan-2026 09:02:43 UTC] PHP Warning:  Undefined variable $msg in /var/www/html/contact.php on line 45
[10-Jan-2026 00:39:49 UTC] PHP Warning:  Undefined variable $msg in /var/www/html/contact.php on line 45
[10-Jan-2026 20:52:45 UTC] PHP Warning:  Undefined variable $msg in /var/www/html/contact.php on line 45
[10-Jan-2026 22:23:41 UTC] PHP Warning:  Undefined variable $msg in /var/www/html/contact.php on line 45
[12-Jan-2026 04:35:29 UTC] PHP Warning:  Undefined variable $msg in /var/www/html/contact.php on line 45
[12-Jan-2026 05:11:07 UTC] PHP Warning:  Undefined variable $msg in /var/www/html/contact.php on line 45
[12-Jan-2026 07:19:59 UTC] PHP Warning:  Cannot modify header information - headers already sent by (output started at /var/www/html/includes/header.php:36) in /var/www/html/profile.php on line 6
[12-Jan-2026 11:57:38 UTC] PHP Warning:  Undefined variable $msg in /var/www/html/contact.php on line 45
[12-Jan-2026 12:21:15 UTC] PHP Warning:  Undefined variable $msg in /var/www/html/contact.php on line 45
[12-Jan-2026 15:06:34 UTC] PHP Warning:  Undefined variable $msg in /var/www/html/contact.php on line 45
[12-Jan-2026 18:42:48 UTC] PHP Warning:  Cannot modify header information - headers already sent by (output started at /var/www/html/includes/header.php:36) in /var/www/html/profile.php on line 6
[13-Jan-2026 06:56:44 UTC] PHP Warning:  Cannot modify header information - headers already sent by (output started at /var/www/html/includes/header.php:36) in /var/www/html/profile.php on line 6
[13-Jan-2026 14:52:03 UTC] PHP Warning:  Cannot modify header information - headers already sent by (output started at /var/www/html/includes/header.php:36) in /var/www/html/profile.php on line 6
[13-Jan-2026 20:20:26 UTC] PHP Warning:  Cannot modify header information - headers already sent by (output started at /var/www/html/includes/header.php:36) in /var/www/html/profile.php on line 6
[13-Jan-2026 21:18:59 UTC] PHP Warning:  Undefined variable $msg in /var/www/html/contact.php on line 45
[14-Jan-2026 01:19:31 UTC] PHP Warning:  Undefined variable $msg in /var/www/html/contact.php on line 45
[14-Jan-2026 03:18:09 UTC] PHP Warning:  Cannot modify header information - headers already sent by (output started at /var/www/html/includes/header.php:36) in /var/www/html/profile.php on line 6
[14-Jan-2026 06:07:21 UTC] PHP Warning:  Undefined variable $msg in /var/www/html/contact.php on line 45
[14-Jan-2026 13:06:35 UTC] PHP Warning:  Cannot modify header information - headers already sent by (output started at /var/www/html/includes/header.php:36) in /var/www/html/profile.php on line 6
[15-Jan-2026 18:54:48 UTC] PHP Warning:  Undefined variable $msg in /var/www/html/contact.php on line 45
[17-Jan-2026 21:03:12 UTC] PHP Warning:  Undefined variable $msg in /var/www/html/contact.php on line 45
[17-Jan-2026 22:02:06 UTC] PHP Warning:  Undefined variable $msg in /var/www/html/contact.php on line 45
[18-Jan-2026 02:40:31 UTC] PHP Warning:  Undefined variable $msg in /var/www/html/contact.php on line 45
[18-Jan-2026 03:20:46 UTC] PHP Warning:  Undefined variable $msg in /var/www/html/contact.php on line 45
[18-Jan-2026 03:25:20 UTC] PHP Warning:  Undefined variable $msg in /var/www/html/contact.php on line 45
[18-Jan-2026 03:25:20 UTC] PHP Warning:  Undefined variable $msg in /var/www/html/contact.php on line 45
[18-Jan-2026 11:26:12 UTC] PHP Warning:  Undefined variable $msg in /var/www/html/contact.php on line 45
[18-Jan-2026 11:51:26 UTC] PHP Warning:  Undefined variable $msg in /var/www/html/contact.php on line 45
[18-Jan-2026 17:32:40 UTC] PHP Warning:  Undefined variable $msg in /var/www/html/contact.php on line 45
[18-Jan-2026 21:19:53 UTC] PHP Warning:  Undefined variable $msg in /var/www/html/contact.php on line 45
[18-Jan-2026 23:21:05 UTC] PHP Warning:  Undefined variable $msg in /var/www/html/contact.php on line 45
[19-Jan-2026 00:01:06 UTC] PHP Warning:  Undefined variable $msg in /var/www/html/contact.php on line 45
[19-Jan-2026 02:40:53 UTC] PHP Warning:  Undefined variable $msg in /var/www/html/contact.php on line 45
[19-Jan-2026 08:24:44 UTC] PHP Warning:  Undefined variable $msg in /var/www/html/contact.php on line 45
[19-Jan-2026 08:24:50 UTC] PHP Warning:  Undefined variable $msg in /var/www/html/contact.php on line 45
[19-Jan-2026 08:24:52 UTC] PHP Warning:  Undefined variable $msg in /var/www/html/contact.php on line 45
[19-Jan-2026 08:25:02 UTC] PHP Warning:  Undefined variable $msg in /var/www/html/contact.php on line 45
[19-Jan-2026 08:25:03 UTC] PHP Warning:  Undefined variable $msg in /var/www/html/contact.php on line 45
[19-Jan-2026 08:25:13 UTC] PHP Warning:  Undefined variable $msg in /var/www/html/contact.php on line 45
[19-Jan-2026 09:23:15 UTC] PHP Warning:  Undefined variable $msg in /var/www/html/contact.php on line 45
[19-Jan-2026 09:23:17 UTC] PHP Warning:  Undefined variable $msg in /var/www/html/contact.php on line 45
[19-Jan-2026 19:00:02 UTC] PHP Warning:  Undefined variable $msg in /var/www/html/contact.php on line 45
[20-Jan-2026 07:41:31 UTC] PHP Warning:  Undefined variable $msg in /var/www/html/contact.php on line 45
[20-Jan-2026 07:41:31 UTC] PHP Warning:  Undefined variable $msg in /var/www/html/contact.php on line 45
[20-Jan-2026 18:18:28 UTC] PHP Warning:  Undefined variable $msg in /var/www/html/contact.php on line 45
[21-Jan-2026 10:18:03 UTC] PHP Warning:  Cannot modify header information - headers already sent by (output started at /var/www/html/includes/header.php:36) in /var/www/html/profile.php on line 6
[21-Jan-2026 15:30:39 UTC] PHP Warning:  Cannot modify header information - headers already sent by (output started at /var/www/html/includes/header.php:36) in /var/www/html/profile.php on line 6
[22-Jan-2026 23:57:10 UTC] PHP Warning:  Undefined variable $msg in /var/www/html/contact.php on line 45
[22-Jan-2026 23:57:10 UTC] PHP Warning:  Undefined variable $msg in /var/www/html/contact.php on line 45
[23-Jan-2026 08:31:00 UTC] PHP Warning:  Undefined variable $msg in /var/www/html/contact.php on line 45
[23-Jan-2026 08:31:03 UTC] PHP Warning:  Undefined variable $msg in /var/www/html/contact.php on line 45
[23-Jan-2026 09:17:07 UTC] PHP Warning:  Undefined variable $msg in /var/www/html/contact.php on line 45
[23-Jan-2026 10:13:04 UTC] PHP Warning:  Cannot modify header information - headers already sent by (output started at /var/www/html/includes/header.php:36) in /var/www/html/profile.php on line 6
[23-Jan-2026 17:42:51 UTC] PHP Warning:  Undefined variable $msg in /var/www/html/contact.php on line 45
[23-Jan-2026 20:34:44 UTC] PHP Warning:  Undefined variable $msg in /var/www/html/contact.php on line 45
[23-Jan-2026 20:52:29 UTC] PHP Warning:  Undefined variable $msg in /var/www/html/contact.php on line 45
[23-Jan-2026 20:52:31 UTC] PHP Warning:  Undefined variable $msg in /var/www/html/contact.php on line 45
[23-Jan-2026 20:52:31 UTC] PHP Warning:  Undefined variable $msg in /var/www/html/contact.php on line 45
[23-Jan-2026 21:55:11 UTC] PHP Warning:  Undefined variable $msg in /var/www/html/contact.php on line 45
[24-Jan-2026 05:24:24 UTC] PHP Warning:  Undefined variable $msg in /var/www/html/contact.php on line 45
[24-Jan-2026 05:55:50 UTC] PHP Warning:  Undefined variable $msg in /var/www/html/contact.php on line 45
[24-Jan-2026 14:51:16 UTC] PHP Warning:  Undefined variable $msg in /var/www/html/contact.php on line 45
[24-Jan-2026 14:51:16 UTC] PHP Warning:  Undefined variable $msg in /var/www/html/contact.php on line 45
[24-Jan-2026 16:08:14 UTC] PHP Warning:  Undefined variable $msg in /var/www/html/contact.php on line 45
[24-Jan-2026 16:08:15 UTC] PHP Warning:  Undefined variable $msg in /var/www/html/contact.php on line 45
[24-Jan-2026 17:11:55 UTC] PHP Warning:  Undefined variable $msg in /var/www/html/contact.php on line 45
[26-Jan-2026 07:09:51 UTC] PHP Warning:  Undefined variable $msg in /var/www/html/contact.php on line 45
[26-Jan-2026 17:00:57 UTC] PHP Warning:  Undefined variable $msg in /var/www/html/contact.php on line 45
[26-Jan-2026 17:00:57 UTC] PHP Warning:  Undefined variable $msg in /var/www/html/contact.php on line 45
[27-Jan-2026 00:25:50 UTC] PHP Warning:  Undefined variable $msg in /var/www/html/contact.php on line 45
[27-Jan-2026 00:25:50 UTC] PHP Warning:  Undefined variable $msg in /var/www/html/contact.php on line 45
[27-Jan-2026 20:16:02 UTC] PHP Warning:  Cannot modify header information - headers already sent by (output started at /var/www/html/includes/header.php:36) in /var/www/html/profile.php on line 6
[28-Jan-2026 00:12:38 UTC] PHP Warning:  Undefined variable $msg in /var/www/html/contact.php on line 45
[28-Jan-2026 10:31:31 UTC] PHP Warning:  Undefined variable $msg in /var/www/html/contact.php on line 45
[29-Jan-2026 13:56:43 UTC] PHP Warning:  Undefined variable $msg in /var/www/html/contact.php on line 45
[29-Jan-2026 14:33:52 UTC] PHP Warning:  Undefined variable $msg in /var/www/html/contact.php on line 45
[29-Jan-2026 22:42:33 UTC] PHP Warning:  Undefined variable $msg in /var/www/html/contact.php on line 45
[29-Jan-2026 23:17:01 UTC] PHP Warning:  Undefined variable $msg in /var/www/html/contact.php on line 45
[30-Jan-2026 01:39:23 UTC] PHP Warning:  Undefined variable $msg in /var/www/html/contact.php on line 45
[31-Jan-2026 18:26:22 UTC] PHP Warning:  Undefined variable $msg in /var/www/html/contact.php on line 45
[31-Jan-2026 19:28:29 UTC] PHP Warning:  Undefined variable $msg in /var/www/html/contact.php on line 45
[31-Jan-2026 20:31:08 UTC] PHP Warning:  Undefined variable $msg in /var/www/html/contact.php on line 45
[01-Feb-2026 09:18:03 UTC] PHP Warning:  Undefined variable $msg in /var/www/html/contact.php on line 45
[01-Feb-2026 14:44:48 UTC] PHP Warning:  Undefined variable $msg in /var/www/html/contact.php on line 45
[02-Feb-2026 01:02:13 UTC] PHP Warning:  Undefined variable $msg in /var/www/html/contact.php on line 45
[02-Feb-2026 08:27:41 UTC] PHP Warning:  Undefined variable $msg in /var/www/html/contact.php on line 45
[02-Feb-2026 10:49:46 UTC] PHP Warning:  Undefined variable $msg in /var/www/html/contact.php on line 45
[02-Feb-2026 18:23:23 UTC] PHP Warning:  Undefined variable $msg in /var/www/html/contact.php on line 45
[02-Feb-2026 18:23:53 UTC] PHP Warning:  Undefined variable $msg in /var/www/html/contact.php on line 45
[03-Feb-2026 17:46:35 UTC] PHP Warning:  Undefined variable $msg in /var/www/html/contact.php on line 45
[03-Feb-2026 17:46:43 UTC] PHP Warning:  Undefined variable $msg in /var/www/html/contact.php on line 45
[03-Feb-2026 17:46:44 UTC] PHP Warning:  Undefined variable $msg in /var/www/html/contact.php on line 45
[03-Feb-2026 20:22:36 UTC] PHP Warning:  Undefined variable $msg in /var/www/html/contact.php on line 45
[03-Feb-2026 20:22:39 UTC] PHP Warning:  Undefined variable $msg in /var/www/html/contact.php on line 45
[03-Feb-2026 20:22:40 UTC] PHP Warning:  Undefined variable $msg in /var/www/html/contact.php on line 45
[04-Feb-2026 00:29:12 UTC] PHP Warning:  Undefined variable $msg in /var/www/html/contact.php on line 45
[04-Feb-2026 01:17:53 UTC] PHP Warning:  Undefined variable $msg in /var/www/html/contact.php on line 45
[04-Feb-2026 01:17:54 UTC] PHP Warning:  Undefined variable $msg in /var/www/html/contact.php on line 45
[04-Feb-2026 07:02:32 UTC] PHP Warning:  Undefined variable $msg in /var/www/html/contact.php on line 45
[04-Feb-2026 08:08:46 UTC] PHP Warning:  Undefined variable $msg in /var/www/html/contact.php on line 45
[04-Feb-2026 16:20:57 UTC] PHP Warning:  Undefined variable $msg in /var/www/html/contact.php on line 45
[04-Feb-2026 17:00:08 UTC] PHP Warning:  Undefined variable $msg in /var/www/html/contact.php on line 45
[05-Feb-2026 10:58:33 UTC] PHP Warning:  Undefined variable $msg in /var/www/html/contact.php on line 45
[05-Feb-2026 10:58:33 UTC] PHP Warning:  Undefined variable $msg in /var/www/html/contact.php on line 45
[06-Feb-2026 15:16:09 UTC] PHP Warning:  Undefined variable $msg in /var/www/html/contact.php on line 45
[07-Feb-2026 00:08:06 UTC] PHP Warning:  Undefined variable $msg in /var/www/html/contact.php on line 45
[07-Feb-2026 03:11:52 UTC] PHP Warning:  Undefined variable $msg in /var/www/html/contact.php on line 45
[07-Feb-2026 03:34:04 UTC] PHP Warning:  Undefined variable $msg in /var/www/html/contact.php on line 45
[07-Feb-2026 23:29:56 UTC] PHP Warning:  Undefined variable $msg in /var/www/html/contact.php on line 45
[08-Feb-2026 00:33:28 UTC] PHP Warning:  Undefined variable $msg in /var/www/html/contact.php on line 45
[08-Feb-2026 01:33:05 UTC] PHP Warning:  Undefined variable $msg in /var/www/html/contact.php on line 45
[08-Feb-2026 03:16:37 UTC] PHP Warning:  Undefined variable $msg in /var/www/html/contact.php on line 45
[08-Feb-2026 08:08:01 UTC] PHP Warning:  Undefined variable $msg in /var/www/html/contact.php on line 45
[08-Feb-2026 08:08:01 UTC] PHP Warning:  Undefined variable $msg in /var/www/html/contact.php on line 45
